/bin/sh: docker-compose: command not found
/bin/sh: docker-compose: command not found
/bin/sh: docker-compose: command not found
time="2025-07-09T21:10:07-03:00" level=warning msg="Found orphan containers ([bot_test-dashboard-1 bot_test-bot_cruce_ma-run-6d57b419bc3b bot_test-bot_cruce_ma-run-2a8e9098e614 bot_test-bot_cruce_ma-run-5cfca5460b81 bot_test-bot_cruce_ma-run-e40d9c98dbd5 bot_test-bot_cruce_ma-run-38d7d083fd84]) for this project. If you removed or renamed this service in your compose file, you can run this command with the --remove-orphans flag to clean it up."
2025-07-09 21:10:11,247 - INFO - === BOT CRUCE MA - INICIANDO ===
2025-07-09 21:10:11,249 - INFO - Enviando correo...
2025-07-09 21:10:14,357 - INFO - ✅ Correo enviado correctamente a ignacio.chaffin@gmail.com
2025-07-09 21:10:16,492 - INFO - Sin señal para BTCUSDT
2025-07-09 21:10:17,296 - INFO - Sin señal para ETHUSDT
2025-07-09 21:10:17,297 - INFO - === BOT CRUCE MA - FINALIZADO ===
time="2025-07-09T21:15:02-03:00" level=warning msg="Found orphan containers ([bot_test-dashboard-1 bot_test-bot_cruce_ma-run-6d57b419bc3b bot_test-bot_cruce_ma-run-2a8e9098e614 bot_test-bot_cruce_ma-run-5cfca5460b81 bot_test-bot_cruce_ma-run-e40d9c98dbd5 bot_test-bot_cruce_ma-run-38d7d083fd84]) for this project. If you removed or renamed this service in your compose file, you can run this command with the --remove-orphans flag to clean it up."
2025-07-09 21:15:04,724 - INFO - === BOT CRUCE MA - INICIANDO ===
2025-07-09 21:15:04,724 - INFO - Enviando correo...
2025-07-09 21:15:07,636 - INFO - ✅ Correo enviado correctamente a ignacio.chaffin@gmail.com
2025-07-09 21:15:09,633 - INFO - Sin señal para BTCUSDT
2025-07-09 21:15:10,294 - INFO - Sin señal para ETHUSDT
2025-07-09 21:15:10,295 - INFO - === BOT CRUCE MA - FINALIZADO ===
 Network bot_test_default  Creating
 Network bot_test_default  Created
2025-07-09 22:00:08,083 - INFO - === BOT CRUCE MA - INICIANDO ===
2025-07-09 22:00:08,086 - INFO - Enviando correo...
2025-07-09 22:00:11,793 - INFO - ✅ Correo enviado correctamente a ignacio.chaffin@gmail.com
2025-07-09 22:00:13,702 - INFO - Sin señal para BTCUSDT
2025-07-09 22:00:14,544 - INFO - Sin señal para ETHUSDT
2025-07-09 22:00:14,545 - INFO - === BOT CRUCE MA - FINALIZADO ===
2025-07-09 23:03:45,857 - INFO - === BOT CRUCE MA - INICIANDO ===
2025-07-09 23:03:45,860 - INFO - Enviando correo...
2025-07-09 23:03:48,699 - INFO - ✅ Correo enviado correctamente a ignacio.chaffin@gmail.com
2025-07-09 23:03:50,763 - INFO - Sin señal para BTCUSDT
2025-07-09 23:03:51,390 - INFO - Sin señal para ETHUSDT
2025-07-09 23:03:51,391 - INFO - === BOT CRUCE MA - FINALIZADO ===
2025-07-10 00:00:06,195 - INFO - === BOT CRUCE MA - INICIANDO ===
2025-07-10 00:00:06,196 - INFO - Enviando correo...
2025-07-10 00:00:10,155 - INFO - ✅ Correo enviado correctamente a ignacio.chaffin@gmail.com
2025-07-10 00:00:12,106 - INFO - Sin señal para BTCUSDT
2025-07-10 00:00:12,754 - INFO - Sin señal para ETHUSDT
2025-07-10 00:00:13,476 - INFO - Sin señal para BNBUSDT
2025-07-10 00:00:14,291 - INFO - Sin señal para SOLUSDT
2025-07-10 00:00:14,291 - INFO - === BOT CRUCE MA - FINALIZADO ===
2025-07-10 01:00:03,034 - INFO - === BOT CRUCE MA - INICIANDO ===
2025-07-10 01:00:03,035 - INFO - Enviando correo...
2025-07-10 01:00:06,408 - INFO - ✅ Correo enviado correctamente a ignacio.chaffin@gmail.com
2025-07-10 01:00:07,632 - INFO - Sin señal para BTCUSDT
2025-07-10 01:00:08,300 - INFO - Sin señal para ETHUSDT
2025-07-10 01:00:09,089 - INFO - Sin señal para BNBUSDT
2025-07-10 01:00:09,730 - INFO - Sin señal para SOLUSDT
2025-07-10 01:00:09,731 - INFO - === BOT CRUCE MA - FINALIZADO ===
2025-07-10 02:01:53,748 - INFO - === BOT CRUCE MA - INICIANDO ===
2025-07-10 02:01:53,749 - INFO - Enviando correo...
2025-07-10 02:01:56,977 - INFO - ✅ Correo enviado correctamente a ignacio.chaffin@gmail.com
2025-07-10 02:01:58,193 - INFO - Sin señal para BTCUSDT
2025-07-10 02:01:58,879 - INFO - Sin señal para ETHUSDT
2025-07-10 02:01:59,549 - INFO - Sin señal para BNBUSDT
2025-07-10 02:02:00,409 - INFO - Sin señal para SOLUSDT
2025-07-10 02:02:00,413 - INFO - === BOT CRUCE MA - FINALIZADO ===
2025-07-10 03:00:03,369 - INFO - === BOT CRUCE MA - INICIANDO ===
2025-07-10 03:00:03,370 - INFO - Enviando correo...
2025-07-10 03:00:06,413 - INFO - ✅ Correo enviado correctamente a ignacio.chaffin@gmail.com
2025-07-10 03:00:08,124 - INFO - Sin señal para BTCUSDT
2025-07-10 03:00:08,904 - INFO - Sin señal para ETHUSDT
2025-07-10 03:00:09,719 - INFO - Sin señal para BNBUSDT
2025-07-10 03:00:10,439 - INFO - Sin señal para SOLUSDT
2025-07-10 03:00:10,439 - INFO - === BOT CRUCE MA - FINALIZADO ===
2025-07-10 05:00:02,993 - INFO - === BOT CRUCE MA - INICIANDO ===
2025-07-10 05:00:02,995 - INFO - Enviando correo...
2025-07-10 05:00:06,200 - INFO - ✅ Correo enviado correctamente a ignacio.chaffin@gmail.com
2025-07-10 05:00:07,527 - INFO - Sin señal para BTCUSDT
2025-07-10 05:00:08,155 - INFO - Sin señal para ETHUSDT
2025-07-10 05:00:08,783 - INFO - Sin señal para BNBUSDT
2025-07-10 05:00:09,423 - INFO - Sin señal para SOLUSDT
2025-07-10 05:00:09,423 - INFO - === BOT CRUCE MA - FINALIZADO ===
2025-07-10 07:00:09,075 - INFO - === BOT CRUCE MA - INICIANDO ===
2025-07-10 07:00:09,078 - INFO - Enviando correo...
2025-07-10 07:00:12,884 - INFO - ✅ Correo enviado correctamente a ignacio.chaffin@gmail.com
2025-07-10 07:00:15,159 - INFO - Sin señal para BTCUSDT
2025-07-10 07:00:15,804 - INFO - Sin señal para ETHUSDT
2025-07-10 07:00:16,456 - INFO - Sin señal para BNBUSDT
2025-07-10 07:00:17,127 - INFO - Sin señal para SOLUSDT
2025-07-10 07:00:17,130 - INFO - === BOT CRUCE MA - FINALIZADO ===
2025-07-10 08:00:35,847 - INFO - === BOT CRUCE MA - INICIANDO ===
2025-07-10 08:00:35,850 - INFO - Enviando correo...
2025-07-10 08:00:39,293 - INFO - ✅ Correo enviado correctamente a ignacio.chaffin@gmail.com
2025-07-10 08:00:41,814 - INFO - Sin señal para BTCUSDT
2025-07-10 08:00:42,463 - INFO - Sin señal para ETHUSDT
2025-07-10 08:00:43,105 - INFO - Sin señal para BNBUSDT
2025-07-10 08:00:43,810 - INFO - Sin señal para SOLUSDT
2025-07-10 08:00:43,811 - INFO - === BOT CRUCE MA - FINALIZADO ===
2025-07-10 09:00:33,273 - INFO - === BOT CRUCE MA - INICIANDO ===
2025-07-10 09:00:33,273 - INFO - Enviando correo...
2025-07-10 09:00:36,725 - INFO - ✅ Correo enviado correctamente a ignacio.chaffin@gmail.com
2025-07-10 09:00:37,767 - INFO - Sin señal para BTCUSDT
2025-07-10 09:00:38,401 - INFO - Sin señal para ETHUSDT
2025-07-10 09:00:39,027 - INFO - Sin señal para BNBUSDT
2025-07-10 09:00:39,654 - INFO - Sin señal para SOLUSDT
2025-07-10 09:00:39,655 - INFO - === BOT CRUCE MA - FINALIZADO ===
2025-07-10 10:00:03,188 - INFO - === BOT CRUCE MA - INICIANDO ===
2025-07-10 10:00:03,188 - INFO - Enviando correo...
2025-07-10 10:00:05,947 - INFO - ✅ Correo enviado correctamente a ignacio.chaffin@gmail.com
2025-07-10 10:00:06,993 - INFO - Sin señal para BTCUSDT
2025-07-10 10:00:07,661 - INFO - Sin señal para ETHUSDT
2025-07-10 10:00:08,294 - INFO - Sin señal para BNBUSDT
2025-07-10 10:00:08,918 - INFO - Sin señal para SOLUSDT
2025-07-10 10:00:08,918 - INFO - === BOT CRUCE MA - FINALIZADO ===
2025-07-10 11:00:03,008 - INFO - === BOT CRUCE MA - INICIANDO ===
2025-07-10 11:00:03,009 - INFO - Enviando correo...
2025-07-10 11:00:06,573 - INFO - ✅ Correo enviado correctamente a ignacio.chaffin@gmail.com
2025-07-10 11:00:07,728 - INFO - Sin señal para BTCUSDT
2025-07-10 11:00:08,648 - INFO - Sin señal para ETHUSDT
2025-07-10 11:00:09,365 - INFO - Sin señal para BNBUSDT
2025-07-10 11:00:10,080 - INFO - Sin señal para SOLUSDT
2025-07-10 11:00:10,081 - INFO - === BOT CRUCE MA - FINALIZADO ===
2025-07-10 12:00:02,714 - INFO - === BOT CRUCE MA - INICIANDO ===
2025-07-10 12:00:02,716 - INFO - Enviando correo...
2025-07-10 12:00:05,860 - INFO - ✅ Correo enviado correctamente a ignacio.chaffin@gmail.com
2025-07-10 12:00:06,952 - INFO - Sin señal para BTCUSDT
2025-07-10 12:00:07,736 - INFO - Sin señal para ETHUSDT
2025-07-10 12:00:08,359 - INFO - Sin señal para BNBUSDT
2025-07-10 12:00:09,071 - INFO - Sin señal para SOLUSDT
2025-07-10 12:00:09,072 - INFO - === BOT CRUCE MA - FINALIZADO ===
2025-07-10 13:00:03,120 - INFO - === BOT CRUCE MA - INICIANDO ===
2025-07-10 13:00:03,122 - INFO - Enviando correo...
2025-07-10 13:00:06,763 - INFO - ✅ Correo enviado correctamente a ignacio.chaffin@gmail.com
2025-07-10 13:00:07,912 - INFO - Sin señal para BTCUSDT
2025-07-10 13:00:08,584 - INFO - Sin señal para ETHUSDT
2025-07-10 13:00:09,211 - INFO - Sin señal para BNBUSDT
2025-07-10 13:00:09,915 - INFO - Sin señal para SOLUSDT
2025-07-10 13:00:09,915 - INFO - === BOT CRUCE MA - FINALIZADO ===
2025-07-10 14:00:03,073 - INFO - === BOT CRUCE MA - INICIANDO ===
2025-07-10 14:00:03,075 - INFO - Enviando correo...
2025-07-10 14:00:06,007 - INFO - ✅ Correo enviado correctamente a ignacio.chaffin@gmail.com
2025-07-10 14:00:07,119 - INFO - Sin señal para BTCUSDT
2025-07-10 14:00:07,792 - INFO - Sin señal para ETHUSDT
2025-07-10 14:00:08,611 - INFO - Sin señal para BNBUSDT
2025-07-10 14:00:09,331 - INFO - Sin señal para SOLUSDT
2025-07-10 14:00:09,332 - INFO - === BOT CRUCE MA - FINALIZADO ===
2025-07-10 15:00:02,598 - INFO - === BOT CRUCE MA - INICIANDO ===
2025-07-10 15:00:02,600 - INFO - Enviando correo...
2025-07-10 15:00:05,989 - INFO - ✅ Correo enviado correctamente a ignacio.chaffin@gmail.com
2025-07-10 15:00:07,111 - INFO - Sin señal para BTCUSDT
2025-07-10 15:00:07,934 - INFO - Sin señal para ETHUSDT
2025-07-10 15:00:08,647 - INFO - Sin señal para BNBUSDT
2025-07-10 15:00:09,467 - INFO - Sin señal para SOLUSDT
2025-07-10 15:00:09,468 - INFO - === BOT CRUCE MA - FINALIZADO ===
2025-07-10 16:00:03,121 - INFO - === BOT CRUCE MA - INICIANDO ===
2025-07-10 16:00:03,123 - INFO - Enviando correo...
2025-07-10 16:00:05,872 - INFO - ✅ Correo enviado correctamente a ignacio.chaffin@gmail.com
2025-07-10 16:00:07,058 - INFO - Sin señal para BTCUSDT
2025-07-10 16:00:07,741 - INFO - Sin señal para ETHUSDT
2025-07-10 16:00:08,455 - INFO - Sin señal para BNBUSDT
2025-07-10 16:00:09,275 - INFO - Sin señal para SOLUSDT
2025-07-10 16:00:09,275 - INFO - === BOT CRUCE MA - FINALIZADO ===
2025-07-10 19:00:03,371 - INFO - === BOT CRUCE MA - INICIANDO ===
2025-07-10 19:00:03,373 - INFO - Enviando correo...
2025-07-10 19:00:06,131 - INFO - ✅ Correo enviado correctamente a ignacio.chaffin@gmail.com
2025-07-10 19:00:07,893 - INFO - Sin señal para BTCUSDT
2025-07-10 19:00:08,810 - INFO - Sin señal para ETHUSDT
2025-07-10 19:00:09,671 - INFO - Sin señal para BNBUSDT
2025-07-10 19:00:10,728 - INFO - Sin señal para SOLUSDT
2025-07-10 19:00:10,729 - INFO - === BOT CRUCE MA - FINALIZADO ===
2025-07-10 20:00:03,321 - INFO - === BOT CRUCE MA - INICIANDO ===
2025-07-10 20:00:03,323 - INFO - Enviando correo...
2025-07-10 20:00:06,887 - INFO - ✅ Correo enviado correctamente a ignacio.chaffin@gmail.com
2025-07-10 20:00:08,350 - INFO - Sin señal para BTCUSDT
2025-07-10 20:00:09,056 - INFO - Sin señal para ETHUSDT
2025-07-10 20:00:09,862 - INFO - Sin señal para BNBUSDT
2025-07-10 20:00:10,784 - INFO - Sin señal para SOLUSDT
2025-07-10 20:00:10,785 - INFO - === BOT CRUCE MA - FINALIZADO ===
2025-07-10 21:00:06,186 - INFO - === BOT CRUCE MA - INICIANDO ===
2025-07-10 21:00:06,188 - INFO - Enviando correo...
2025-07-10 21:00:09,575 - INFO - ✅ Correo enviado correctamente a ignacio.chaffin@gmail.com
2025-07-10 21:00:11,568 - INFO - Sin señal para BTCUSDT
2025-07-10 21:00:12,400 - INFO - Sin señal para ETHUSDT
2025-07-10 21:00:13,536 - INFO - Sin señal para BNBUSDT
2025-07-10 21:00:14,583 - INFO - Sin señal para SOLUSDT
2025-07-10 21:00:14,584 - INFO - === BOT CRUCE MA - FINALIZADO ===
2025-07-10 22:01:06,532 - INFO - === BOT CRUCE MA - INICIANDO ===
2025-07-10 22:01:06,534 - INFO - Enviando correo...
2025-07-10 22:01:09,679 - INFO - ✅ Correo enviado correctamente a ignacio.chaffin@gmail.com
2025-07-10 22:01:12,454 - INFO - Sin señal para BTCUSDT
2025-07-10 22:01:13,180 - INFO - Sin señal para ETHUSDT
2025-07-10 22:01:13,837 - INFO - Sin señal para BNBUSDT
2025-07-10 22:01:14,481 - INFO - Sin señal para SOLUSDT
2025-07-10 22:01:14,482 - INFO - === BOT CRUCE MA - FINALIZADO ===
2025-07-10 23:00:02,973 - INFO - === BOT CRUCE MA - INICIANDO ===
2025-07-10 23:00:02,974 - INFO - Enviando correo...
2025-07-10 23:00:05,535 - INFO - ✅ Correo enviado correctamente a ignacio.chaffin@gmail.com
2025-07-10 23:00:07,018 - INFO - Sin señal para BTCUSDT
2025-07-10 23:00:07,670 - INFO - Sin señal para ETHUSDT
2025-07-10 23:00:08,311 - INFO - Sin señal para BNBUSDT
2025-07-10 23:00:08,981 - INFO - Sin señal para SOLUSDT
2025-07-10 23:00:08,982 - INFO - === BOT CRUCE MA - FINALIZADO ===
2025-07-11 01:00:20,653 - INFO - === BOT CRUCE MA - INICIANDO ===
2025-07-11 01:00:20,654 - INFO - Enviando correo...
2025-07-11 01:00:24,373 - INFO - ✅ Correo enviado correctamente a ignacio.chaffin@gmail.com
2025-07-11 01:00:26,779 - INFO - Sin señal para BTCUSDT
2025-07-11 01:00:27,489 - INFO - Sin señal para ETHUSDT
2025-07-11 01:00:28,205 - INFO - Sin señal para BNBUSDT
2025-07-11 01:00:28,871 - INFO - Sin señal para SOLUSDT
2025-07-11 01:00:28,872 - INFO - === BOT CRUCE MA - FINALIZADO ===
2025-07-11 03:00:06,496 - INFO - === BOT CRUCE MA - INICIANDO ===
2025-07-11 03:00:06,498 - INFO - Enviando correo...
2025-07-11 03:00:09,944 - INFO - ✅ Correo enviado correctamente a ignacio.chaffin@gmail.com
2025-07-11 03:00:12,627 - INFO - Sin señal para BTCUSDT
2025-07-11 03:00:13,309 - INFO - Sin señal para ETHUSDT
2025-07-11 03:00:14,005 - INFO - Sin señal para BNBUSDT
2025-07-11 03:00:14,782 - INFO - Sin señal para SOLUSDT
2025-07-11 03:00:14,786 - INFO - === BOT CRUCE MA - FINALIZADO ===
2025-07-11 04:00:02,785 - INFO - === BOT CRUCE MA - INICIANDO ===
2025-07-11 04:00:02,786 - INFO - Enviando correo...
2025-07-11 04:00:06,265 - INFO - ✅ Correo enviado correctamente a ignacio.chaffin@gmail.com
2025-07-11 04:00:07,888 - INFO - Sin señal para BTCUSDT
2025-07-11 04:00:08,519 - INFO - Sin señal para ETHUSDT
2025-07-11 04:00:09,246 - INFO - Sin señal para BNBUSDT
2025-07-11 04:00:10,062 - INFO - Sin señal para SOLUSDT
2025-07-11 04:00:10,063 - INFO - === BOT CRUCE MA - FINALIZADO ===
2025-07-11 06:00:09,169 - INFO - === BOT CRUCE MA - INICIANDO ===
2025-07-11 06:00:09,172 - INFO - Enviando correo...
2025-07-11 06:00:12,492 - INFO - ✅ Correo enviado correctamente a ignacio.chaffin@gmail.com
2025-07-11 06:00:19,618 - INFO - Sin señal para BTCUSDT
2025-07-11 06:00:20,364 - INFO - Sin señal para ETHUSDT
2025-07-11 06:00:21,154 - INFO - Sin señal para BNBUSDT
2025-07-11 06:00:21,957 - INFO - Sin señal para SOLUSDT
2025-07-11 06:00:21,963 - INFO - === BOT CRUCE MA - FINALIZADO ===
2025-07-11 07:00:03,510 - INFO - === BOT CRUCE MA - INICIANDO ===
2025-07-11 07:00:03,511 - INFO - Enviando correo...
2025-07-11 07:00:07,227 - INFO - ✅ Correo enviado correctamente a ignacio.chaffin@gmail.com
2025-07-11 07:00:08,935 - INFO - Sin señal para BTCUSDT
2025-07-11 07:00:09,578 - INFO - Sin señal para ETHUSDT
2025-07-11 07:00:10,231 - INFO - Sin señal para BNBUSDT
2025-07-11 07:00:10,893 - INFO - Sin señal para SOLUSDT
2025-07-11 07:00:10,894 - INFO - === BOT CRUCE MA - FINALIZADO ===
2025-07-11 08:01:59,102 - INFO - === BOT CRUCE MA - INICIANDO ===
2025-07-11 08:01:59,103 - INFO - Enviando correo...
2025-07-11 08:02:02,432 - INFO - ✅ Correo enviado correctamente a ignacio.chaffin@gmail.com
2025-07-11 08:02:03,746 - INFO - Sin señal para BTCUSDT
2025-07-11 08:02:04,372 - INFO - Sin señal para ETHUSDT
2025-07-11 08:02:04,997 - INFO - Sin señal para BNBUSDT
2025-07-11 08:02:05,633 - INFO - Sin señal para SOLUSDT
2025-07-11 08:02:05,634 - INFO - === BOT CRUCE MA - FINALIZADO ===
2025-07-11 09:00:04,555 - INFO - === BOT CRUCE MA - INICIANDO ===
2025-07-11 09:00:04,557 - INFO - Enviando correo...
2025-07-11 09:00:07,261 - INFO - ✅ Correo enviado correctamente a ignacio.chaffin@gmail.com
2025-07-11 09:00:08,874 - INFO - Sin señal para BTCUSDT
2025-07-11 09:00:09,527 - INFO - Sin señal para ETHUSDT
2025-07-11 09:00:10,171 - INFO - Sin señal para BNBUSDT
2025-07-11 09:00:10,802 - INFO - Sin señal para SOLUSDT
2025-07-11 09:00:10,803 - INFO - === BOT CRUCE MA - FINALIZADO ===
2025-07-11 10:02:52,879 - INFO - === BOT CRUCE MA - INICIANDO ===
2025-07-11 10:02:52,887 - INFO - Enviando correo...
2025-07-11 10:02:55,867 - INFO - ✅ Correo enviado correctamente a ignacio.chaffin@gmail.com
2025-07-11 10:02:58,915 - INFO - Sin señal para BTCUSDT
2025-07-11 10:02:59,664 - INFO - Sin señal para ETHUSDT
2025-07-11 10:03:00,327 - INFO - Sin señal para BNBUSDT
2025-07-11 10:03:01,008 - INFO - Sin señal para SOLUSDT
2025-07-11 10:03:01,009 - INFO - === BOT CRUCE MA - FINALIZADO ===
2025-07-11 11:00:03,092 - INFO - === BOT CRUCE MA - INICIANDO ===
2025-07-11 11:00:03,094 - INFO - Enviando correo...
2025-07-11 11:00:06,109 - INFO - ✅ Correo enviado correctamente a ignacio.chaffin@gmail.com
2025-07-11 11:00:07,494 - INFO - Sin señal para BTCUSDT
2025-07-11 11:00:08,320 - INFO - Sin señal para ETHUSDT
2025-07-11 11:00:09,135 - INFO - Sin señal para BNBUSDT
2025-07-11 11:00:09,958 - INFO - Sin señal para SOLUSDT
2025-07-11 11:00:09,959 - INFO - === BOT CRUCE MA - FINALIZADO ===
2025-07-11 14:00:03,123 - INFO - === BOT CRUCE MA - INICIANDO ===
2025-07-11 14:00:03,126 - INFO - Enviando correo...
2025-07-11 14:00:06,141 - INFO - ✅ Correo enviado correctamente a ignacio.chaffin@gmail.com
2025-07-11 14:00:13,006 - INFO - Sin señal para BTCUSDT
2025-07-11 14:00:13,863 - INFO - Sin señal para ETHUSDT
2025-07-11 14:00:14,555 - INFO - Sin señal para BNBUSDT
2025-07-11 14:00:15,373 - INFO - Sin señal para SOLUSDT
2025-07-11 14:00:15,374 - INFO - === BOT CRUCE MA - FINALIZADO ===
2025-07-11 15:00:05,091 - INFO - === BOT CRUCE MA - INICIANDO ===
2025-07-11 15:00:05,093 - INFO - Enviando correo...
2025-07-11 15:00:08,162 - INFO - ✅ Correo enviado correctamente a ignacio.chaffin@gmail.com
2025-07-11 15:00:10,040 - INFO - Sin señal para BTCUSDT
2025-07-11 15:00:10,681 - INFO - Sin señal para ETHUSDT
2025-07-11 15:00:11,316 - INFO - Sin señal para BNBUSDT
2025-07-11 15:00:11,993 - INFO - Sin señal para SOLUSDT
2025-07-11 15:00:11,994 - INFO - === BOT CRUCE MA - FINALIZADO ===
2025-07-11 16:00:04,403 - INFO - === BOT CRUCE MA - INICIANDO ===
2025-07-11 16:00:04,406 - INFO - Enviando correo...
2025-07-11 16:00:07,284 - INFO - ✅ Correo enviado correctamente a ignacio.chaffin@gmail.com
2025-07-11 16:00:10,464 - INFO - Sin señal para BTCUSDT
2025-07-11 16:00:11,263 - INFO - Sin señal para ETHUSDT
2025-07-11 16:00:11,991 - INFO - Sin señal para BNBUSDT
2025-07-11 16:00:12,708 - INFO - Sin señal para SOLUSDT
2025-07-11 16:00:12,709 - INFO - === BOT CRUCE MA - FINALIZADO ===
2025-07-11 17:00:03,272 - INFO - === BOT CRUCE MA - INICIANDO ===
2025-07-11 17:00:03,273 - INFO - Enviando correo...
2025-07-11 17:00:06,178 - INFO - ✅ Correo enviado correctamente a ignacio.chaffin@gmail.com
2025-07-11 17:00:07,653 - INFO - Sin señal para BTCUSDT
2025-07-11 17:00:08,291 - INFO - Sin señal para ETHUSDT
2025-07-11 17:00:08,922 - INFO - Sin señal para BNBUSDT
2025-07-11 17:00:09,564 - INFO - Sin señal para SOLUSDT
2025-07-11 17:00:09,565 - INFO - === BOT CRUCE MA - FINALIZADO ===
2025-07-11 19:00:04,557 - INFO - === BOT CRUCE MA - INICIANDO ===
2025-07-11 19:00:04,558 - INFO - Enviando correo...
2025-07-11 19:00:08,052 - INFO - ✅ Correo enviado correctamente a ignacio.chaffin@gmail.com
2025-07-11 19:00:09,596 - INFO - Sin señal para BTCUSDT
2025-07-11 19:00:10,242 - INFO - Sin señal para ETHUSDT
2025-07-11 19:00:10,891 - INFO - Sin señal para BNBUSDT
2025-07-11 19:00:11,557 - INFO - Sin señal para SOLUSDT
2025-07-11 19:00:11,558 - INFO - === BOT CRUCE MA - FINALIZADO ===
2025-07-11 20:00:03,925 - INFO - === BOT CRUCE MA - INICIANDO ===
2025-07-11 20:00:03,926 - INFO - Enviando correo...
2025-07-11 20:00:07,060 - INFO - ✅ Correo enviado correctamente a ignacio.chaffin@gmail.com
2025-07-11 20:00:08,340 - INFO - Sin señal para BTCUSDT
2025-07-11 20:00:09,095 - INFO - Sin señal para ETHUSDT
2025-07-11 20:00:10,215 - INFO - Sin señal para BNBUSDT
2025-07-11 20:00:11,301 - INFO - Sin señal para SOLUSDT
2025-07-11 20:00:11,302 - INFO - === BOT CRUCE MA - FINALIZADO ===
2025-07-12 01:00:03,483 - INFO - === BOT CRUCE MA - INICIANDO ===
2025-07-12 01:00:03,484 - INFO - Enviando correo...
2025-07-12 01:00:07,304 - INFO - ✅ Correo enviado correctamente a ignacio.chaffin@gmail.com
2025-07-12 01:00:08,682 - INFO - Sin señal para BTCUSDT
2025-07-12 01:00:09,428 - INFO - Sin señal para ETHUSDT
2025-07-12 01:00:10,071 - INFO - Sin señal para BNBUSDT
2025-07-12 01:00:10,768 - INFO - Sin señal para SOLUSDT
2025-07-12 01:00:10,769 - INFO - === BOT CRUCE MA - FINALIZADO ===
Cannot connect to the Docker daemon at unix:///Users/ichaffin/.docker/run/docker.sock. Is the docker daemon running?
Cannot connect to the Docker daemon at unix:///Users/ichaffin/.docker/run/docker.sock. Is the docker daemon running?
Cannot connect to the Docker daemon at unix:///Users/ichaffin/.docker/run/docker.sock. Is the docker daemon running?
Cannot connect to the Docker daemon at unix:///Users/ichaffin/.docker/run/docker.sock. Is the docker daemon running?
Cannot connect to the Docker daemon at unix:///Users/ichaffin/.docker/run/docker.sock. Is the docker daemon running?
Cannot connect to the Docker daemon at unix:///Users/ichaffin/.docker/run/docker.sock. Is the docker daemon running?
Cannot connect to the Docker daemon at unix:///Users/ichaffin/.docker/run/docker.sock. Is the docker daemon running?
Cannot connect to the Docker daemon at unix:///Users/ichaffin/.docker/run/docker.sock. Is the docker daemon running?
Cannot connect to the Docker daemon at unix:///Users/ichaffin/.docker/run/docker.sock. Is the docker daemon running?
Cannot connect to the Docker daemon at unix:///Users/ichaffin/.docker/run/docker.sock. Is the docker daemon running?
Cannot connect to the Docker daemon at unix:///Users/ichaffin/.docker/run/docker.sock. Is the docker daemon running?
Cannot connect to the Docker daemon at unix:///Users/ichaffin/.docker/run/docker.sock. Is the docker daemon running?
Cannot connect to the Docker daemon at unix:///Users/ichaffin/.docker/run/docker.sock. Is the docker daemon running?
Cannot connect to the Docker daemon at unix:///Users/ichaffin/.docker/run/docker.sock. Is the docker daemon running?
Cannot connect to the Docker daemon at unix:///Users/ichaffin/.docker/run/docker.sock. Is the docker daemon running?
Cannot connect to the Docker daemon at unix:///Users/ichaffin/.docker/run/docker.sock. Is the docker daemon running?
Cannot connect to the Docker daemon at unix:///Users/ichaffin/.docker/run/docker.sock. Is the docker daemon running?
Cannot connect to the Docker daemon at unix:///Users/ichaffin/.docker/run/docker.sock. Is the docker daemon running?
Cannot connect to the Docker daemon at unix:///Users/ichaffin/.docker/run/docker.sock. Is the docker daemon running?
Cannot connect to the Docker daemon at unix:///Users/ichaffin/.docker/run/docker.sock. Is the docker daemon running?
Cannot connect to the Docker daemon at unix:///Users/ichaffin/.docker/run/docker.sock. Is the docker daemon running?
Cannot connect to the Docker daemon at unix:///Users/ichaffin/.docker/run/docker.sock. Is the docker daemon running?
Cannot connect to the Docker daemon at unix:///Users/ichaffin/.docker/run/docker.sock. Is the docker daemon running?
Cannot connect to the Docker daemon at unix:///Users/ichaffin/.docker/run/docker.sock. Is the docker daemon running?
Cannot connect to the Docker daemon at unix:///Users/ichaffin/.docker/run/docker.sock. Is the docker daemon running?
Cannot connect to the Docker daemon at unix:///Users/ichaffin/.docker/run/docker.sock. Is the docker daemon running?
Cannot connect to the Docker daemon at unix:///Users/ichaffin/.docker/run/docker.sock. Is the docker daemon running?
Cannot connect to the Docker daemon at unix:///Users/ichaffin/.docker/run/docker.sock. Is the docker daemon running?
Cannot connect to the Docker daemon at unix:///Users/ichaffin/.docker/run/docker.sock. Is the docker daemon running?
Cannot connect to the Docker daemon at unix:///Users/ichaffin/.docker/run/docker.sock. Is the docker daemon running?
Cannot connect to the Docker daemon at unix:///Users/ichaffin/.docker/run/docker.sock. Is the docker daemon running?
Cannot connect to the Docker daemon at unix:///Users/ichaffin/.docker/run/docker.sock. Is the docker daemon running?
Cannot connect to the Docker daemon at unix:///Users/ichaffin/.docker/run/docker.sock. Is the docker daemon running?
Cannot connect to the Docker daemon at unix:///Users/ichaffin/.docker/run/docker.sock. Is the docker daemon running?
Cannot connect to the Docker daemon at unix:///Users/ichaffin/.docker/run/docker.sock. Is the docker daemon running?
Cannot connect to the Docker daemon at unix:///Users/ichaffin/.docker/run/docker.sock. Is the docker daemon running?
Cannot connect to the Docker daemon at unix:///Users/ichaffin/.docker/run/docker.sock. Is the docker daemon running?
Cannot connect to the Docker daemon at unix:///Users/ichaffin/.docker/run/docker.sock. Is the docker daemon running?
Cannot connect to the Docker daemon at unix:///Users/ichaffin/.docker/run/docker.sock. Is the docker daemon running?
Cannot connect to the Docker daemon at unix:///Users/ichaffin/.docker/run/docker.sock. Is the docker daemon running?
Cannot connect to the Docker daemon at unix:///Users/ichaffin/.docker/run/docker.sock. Is the docker daemon running?
Cannot connect to the Docker daemon at unix:///Users/ichaffin/.docker/run/docker.sock. Is the docker daemon running?
Cannot connect to the Docker daemon at unix:///Users/ichaffin/.docker/run/docker.sock. Is the docker daemon running?
Cannot connect to the Docker daemon at unix:///Users/ichaffin/.docker/run/docker.sock. Is the docker daemon running?
Cannot connect to the Docker daemon at unix:///Users/ichaffin/.docker/run/docker.sock. Is the docker daemon running?
Cannot connect to the Docker daemon at unix:///Users/ichaffin/.docker/run/docker.sock. Is the docker daemon running?
Cannot connect to the Docker daemon at unix:///Users/ichaffin/.docker/run/docker.sock. Is the docker daemon running?
Cannot connect to the Docker daemon at unix:///Users/ichaffin/.docker/run/docker.sock. Is the docker daemon running?
Cannot connect to the Docker daemon at unix:///Users/ichaffin/.docker/run/docker.sock. Is the docker daemon running?
Cannot connect to the Docker daemon at unix:///Users/ichaffin/.docker/run/docker.sock. Is the docker daemon running?
Cannot connect to the Docker daemon at unix:///Users/ichaffin/.docker/run/docker.sock. Is the docker daemon running?
Cannot connect to the Docker daemon at unix:///Users/ichaffin/.docker/run/docker.sock. Is the docker daemon running?
Cannot connect to the Docker daemon at unix:///Users/ichaffin/.docker/run/docker.sock. Is the docker daemon running?
Cannot connect to the Docker daemon at unix:///Users/ichaffin/.docker/run/docker.sock. Is the docker daemon running?
Cannot connect to the Docker daemon at unix:///Users/ichaffin/.docker/run/docker.sock. Is the docker daemon running?
Cannot connect to the Docker daemon at unix:///Users/ichaffin/.docker/run/docker.sock. Is the docker daemon running?
Cannot connect to the Docker daemon at unix:///Users/ichaffin/.docker/run/docker.sock. Is the docker daemon running?
Cannot connect to the Docker daemon at unix:///Users/ichaffin/.docker/run/docker.sock. Is the docker daemon running?
Cannot connect to the Docker daemon at unix:///Users/ichaffin/.docker/run/docker.sock. Is the docker daemon running?
Cannot connect to the Docker daemon at unix:///Users/ichaffin/.docker/run/docker.sock. Is the docker daemon running?
Cannot connect to the Docker daemon at unix:///Users/ichaffin/.docker/run/docker.sock. Is the docker daemon running?
Cannot connect to the Docker daemon at unix:///Users/ichaffin/.docker/run/docker.sock. Is the docker daemon running?
Cannot connect to the Docker daemon at unix:///Users/ichaffin/.docker/run/docker.sock. Is the docker daemon running?
Cannot connect to the Docker daemon at unix:///Users/ichaffin/.docker/run/docker.sock. Is the docker daemon running?
Cannot connect to the Docker daemon at unix:///Users/ichaffin/.docker/run/docker.sock. Is the docker daemon running?
Cannot connect to the Docker daemon at unix:///Users/ichaffin/.docker/run/docker.sock. Is the docker daemon running?
Cannot connect to the Docker daemon at unix:///Users/ichaffin/.docker/run/docker.sock. Is the docker daemon running?
Cannot connect to the Docker daemon at unix:///Users/ichaffin/.docker/run/docker.sock. Is the docker daemon running?
Cannot connect to the Docker daemon at unix:///Users/ichaffin/.docker/run/docker.sock. Is the docker daemon running?
Cannot connect to the Docker daemon at unix:///Users/ichaffin/.docker/run/docker.sock. Is the docker daemon running?
Cannot connect to the Docker daemon at unix:///Users/ichaffin/.docker/run/docker.sock. Is the docker daemon running?
Cannot connect to the Docker daemon at unix:///Users/ichaffin/.docker/run/docker.sock. Is the docker daemon running?
Cannot connect to the Docker daemon at unix:///Users/ichaffin/.docker/run/docker.sock. Is the docker daemon running?
Cannot connect to the Docker daemon at unix:///Users/ichaffin/.docker/run/docker.sock. Is the docker daemon running?
Cannot connect to the Docker daemon at unix:///Users/ichaffin/.docker/run/docker.sock. Is the docker daemon running?
Cannot connect to the Docker daemon at unix:///Users/ichaffin/.docker/run/docker.sock. Is the docker daemon running?
Cannot connect to the Docker daemon at unix:///Users/ichaffin/.docker/run/docker.sock. Is the docker daemon running?
Cannot connect to the Docker daemon at unix:///Users/ichaffin/.docker/run/docker.sock. Is the docker daemon running?
Cannot connect to the Docker daemon at unix:///Users/ichaffin/.docker/run/docker.sock. Is the docker daemon running?
Cannot connect to the Docker daemon at unix:///Users/ichaffin/.docker/run/docker.sock. Is the docker daemon running?
Cannot connect to the Docker daemon at unix:///Users/ichaffin/.docker/run/docker.sock. Is the docker daemon running?
Cannot connect to the Docker daemon at unix:///Users/ichaffin/.docker/run/docker.sock. Is the docker daemon running?
Cannot connect to the Docker daemon at unix:///Users/ichaffin/.docker/run/docker.sock. Is the docker daemon running?
Cannot connect to the Docker daemon at unix:///Users/ichaffin/.docker/run/docker.sock. Is the docker daemon running?
Cannot connect to the Docker daemon at unix:///Users/ichaffin/.docker/run/docker.sock. Is the docker daemon running?
Cannot connect to the Docker daemon at unix:///Users/ichaffin/.docker/run/docker.sock. Is the docker daemon running?
Cannot connect to the Docker daemon at unix:///Users/ichaffin/.docker/run/docker.sock. Is the docker daemon running?
Cannot connect to the Docker daemon at unix:///Users/ichaffin/.docker/run/docker.sock. Is the docker daemon running?
Cannot connect to the Docker daemon at unix:///Users/ichaffin/.docker/run/docker.sock. Is the docker daemon running?
Cannot connect to the Docker daemon at unix:///Users/ichaffin/.docker/run/docker.sock. Is the docker daemon running?
Cannot connect to the Docker daemon at unix:///Users/ichaffin/.docker/run/docker.sock. Is the docker daemon running?
Cannot connect to the Docker daemon at unix:///Users/ichaffin/.docker/run/docker.sock. Is the docker daemon running?
Cannot connect to the Docker daemon at unix:///Users/ichaffin/.docker/run/docker.sock. Is the docker daemon running?
Cannot connect to the Docker daemon at unix:///Users/ichaffin/.docker/run/docker.sock. Is the docker daemon running?
Cannot connect to the Docker daemon at unix:///Users/ichaffin/.docker/run/docker.sock. Is the docker daemon running?
Cannot connect to the Docker daemon at unix:///Users/ichaffin/.docker/run/docker.sock. Is the docker daemon running?
Cannot connect to the Docker daemon at unix:///Users/ichaffin/.docker/run/docker.sock. Is the docker daemon running?
Cannot connect to the Docker daemon at unix:///Users/ichaffin/.docker/run/docker.sock. Is the docker daemon running?
Cannot connect to the Docker daemon at unix:///Users/ichaffin/.docker/run/docker.sock. Is the docker daemon running?
Cannot connect to the Docker daemon at unix:///Users/ichaffin/.docker/run/docker.sock. Is the docker daemon running?
Cannot connect to the Docker daemon at unix:///Users/ichaffin/.docker/run/docker.sock. Is the docker daemon running?
Cannot connect to the Docker daemon at unix:///Users/ichaffin/.docker/run/docker.sock. Is the docker daemon running?
Cannot connect to the Docker daemon at unix:///Users/ichaffin/.docker/run/docker.sock. Is the docker daemon running?
Cannot connect to the Docker daemon at unix:///Users/ichaffin/.docker/run/docker.sock. Is the docker daemon running?
2025-07-23 20:00:08,465 - INFO - === BOT CRUCE MA - INICIANDO ===
2025-07-23 20:00:08,467 - INFO - Enviando correo...
2025-07-23 20:00:11,033 - INFO - ✅ Correo enviado correctamente a ignacio.chaffin@gmail.com
2025-07-23 20:00:12,772 - INFO - Sin señal para BTCUSDT
2025-07-23 20:00:13,489 - INFO - Sin señal para ETHUSDT
2025-07-23 20:00:14,111 - INFO - Sin señal para BNBUSDT
2025-07-23 20:00:14,736 - INFO - Sin señal para SOLUSDT
2025-07-23 20:00:14,736 - INFO - === BOT CRUCE MA - FINALIZADO ===
 Network bot_test_default  Creating
 Network bot_test_default  Created
2025-07-24 00:00:03,651 - INFO - === BOT CRUCE MA - INICIANDO ===
2025-07-24 00:00:03,652 - INFO - Enviando correo...
2025-07-24 00:00:06,471 - INFO - ✅ Correo enviado correctamente a ignacio.chaffin@gmail.com
2025-07-24 00:00:08,293 - INFO - Sin señal para BTCUSDT
2025-07-24 00:00:08,945 - INFO - Sin señal para ETHUSDT
2025-07-24 00:00:09,597 - INFO - Sin señal para BNBUSDT
2025-07-24 00:00:10,246 - INFO - Sin señal para SOLUSDT
2025-07-24 00:00:10,247 - INFO - === BOT CRUCE MA - FINALIZADO ===
Cannot connect to the Docker daemon at unix:///Users/ichaffin/.docker/run/docker.sock. Is the docker daemon running?
Cannot connect to the Docker daemon at unix:///Users/ichaffin/.docker/run/docker.sock. Is the docker daemon running?
Cannot connect to the Docker daemon at unix:///Users/ichaffin/.docker/run/docker.sock. Is the docker daemon running?
Cannot connect to the Docker daemon at unix:///Users/ichaffin/.docker/run/docker.sock. Is the docker daemon running?
